[debug] [2025-10-26T07:47:53.262Z] > command requires scopes: ["email","openid","https://www.googleapis.com/auth/cloudplatformprojects.readonly","https://www.googleapis.com/auth/firebase","https://www.googleapis.com/auth/cloud-platform"]
[debug] [2025-10-26T07:47:53.264Z] > authorizing via signed-in user (endlessblink@gmail.com)
[debug] [2025-10-26T07:47:53.265Z] > command requires scopes: ["email","openid","https://www.googleapis.com/auth/cloudplatformprojects.readonly","https://www.googleapis.com/auth/firebase","https://www.googleapis.com/auth/cloud-platform"]
[debug] [2025-10-26T07:47:53.265Z] > authorizing via signed-in user (endlessblink@gmail.com)
[debug] [2025-10-26T07:47:53.447Z] Checked if tokens are valid: false, expires at: 1761388174650
[debug] [2025-10-26T07:47:53.448Z] Checked if tokens are valid: false, expires at: 1761388174650
[debug] [2025-10-26T07:47:53.449Z] > refreshing access token with scopes: []
[debug] [2025-10-26T07:47:53.452Z] >>> [apiv2][query] POST https://www.googleapis.com/oauth2/v3/token [none]
[debug] [2025-10-26T07:47:53.453Z] >>> [apiv2][body] POST https://www.googleapis.com/oauth2/v3/token [omitted]
[debug] [2025-10-26T07:47:53.492Z] Checked if tokens are valid: false, expires at: 1761388174650
[debug] [2025-10-26T07:47:53.493Z] Checked if tokens are valid: false, expires at: 1761388174650
[debug] [2025-10-26T07:47:53.494Z] > refreshing access token with scopes: []
[debug] [2025-10-26T07:47:53.496Z] >>> [apiv2][query] POST https://www.googleapis.com/oauth2/v3/token [none]
[debug] [2025-10-26T07:47:53.497Z] >>> [apiv2][body] POST https://www.googleapis.com/oauth2/v3/token [omitted]
[debug] [2025-10-26T07:47:53.517Z] Checked if tokens are valid: false, expires at: 1761388174650
[debug] [2025-10-26T07:47:53.517Z] Checked if tokens are valid: false, expires at: 1761388174650
[debug] [2025-10-26T07:47:53.517Z] > refreshing access token with scopes: []
[debug] [2025-10-26T07:47:53.518Z] >>> [apiv2][query] POST https://www.googleapis.com/oauth2/v3/token [none]
[debug] [2025-10-26T07:47:53.518Z] >>> [apiv2][body] POST https://www.googleapis.com/oauth2/v3/token [omitted]
[debug] [2025-10-26T07:47:53.519Z] Checked if tokens are valid: false, expires at: 1761388174650
[debug] [2025-10-26T07:47:53.519Z] Checked if tokens are valid: false, expires at: 1761388174650
[debug] [2025-10-26T07:47:53.519Z] > refreshing access token with scopes: []
[debug] [2025-10-26T07:47:53.520Z] >>> [apiv2][query] POST https://www.googleapis.com/oauth2/v3/token [none]
[debug] [2025-10-26T07:47:53.520Z] >>> [apiv2][body] POST https://www.googleapis.com/oauth2/v3/token [omitted]
[debug] [2025-10-26T07:47:53.524Z] Checked if tokens are valid: false, expires at: 1761388174650
[debug] [2025-10-26T07:47:53.524Z] Checked if tokens are valid: false, expires at: 1761388174650
[debug] [2025-10-26T07:47:53.524Z] > refreshing access token with scopes: []
[debug] [2025-10-26T07:47:53.525Z] >>> [apiv2][query] POST https://www.googleapis.com/oauth2/v3/token [none]
[debug] [2025-10-26T07:47:53.525Z] >>> [apiv2][body] POST https://www.googleapis.com/oauth2/v3/token [omitted]
[debug] [2025-10-26T07:47:53.526Z] Checked if tokens are valid: false, expires at: 1761388174650
[debug] [2025-10-26T07:47:53.526Z] Checked if tokens are valid: false, expires at: 1761388174650
[debug] [2025-10-26T07:47:53.526Z] > refreshing access token with scopes: []
[debug] [2025-10-26T07:47:53.526Z] >>> [apiv2][query] POST https://www.googleapis.com/oauth2/v3/token [none]
[debug] [2025-10-26T07:47:53.526Z] >>> [apiv2][body] POST https://www.googleapis.com/oauth2/v3/token [omitted]
[debug] [2025-10-26T07:47:53.529Z] Checked if tokens are valid: false, expires at: 1761388174650
[debug] [2025-10-26T07:47:53.529Z] Checked if tokens are valid: false, expires at: 1761388174650
[debug] [2025-10-26T07:47:53.529Z] > refreshing access token with scopes: []
[debug] [2025-10-26T07:47:53.529Z] >>> [apiv2][query] POST https://www.googleapis.com/oauth2/v3/token [none]
[debug] [2025-10-26T07:47:53.529Z] >>> [apiv2][body] POST https://www.googleapis.com/oauth2/v3/token [omitted]
[debug] [2025-10-26T07:47:53.531Z] Checked if tokens are valid: false, expires at: 1761388174650
[debug] [2025-10-26T07:47:53.531Z] Checked if tokens are valid: false, expires at: 1761388174650
[debug] [2025-10-26T07:47:53.531Z] > refreshing access token with scopes: []
[debug] [2025-10-26T07:47:53.531Z] >>> [apiv2][query] POST https://www.googleapis.com/oauth2/v3/token [none]
[debug] [2025-10-26T07:47:53.531Z] >>> [apiv2][body] POST https://www.googleapis.com/oauth2/v3/token [omitted]
[debug] [2025-10-26T07:47:53.533Z] > command requires scopes: ["email","openid","https://www.googleapis.com/auth/cloudplatformprojects.readonly","https://www.googleapis.com/auth/firebase","https://www.googleapis.com/auth/cloud-platform"]
[debug] [2025-10-26T07:47:53.533Z] > authorizing via signed-in user (endlessblink@gmail.com)
[debug] [2025-10-26T07:47:53.537Z] Checked if tokens are valid: false, expires at: 1761388174650
[debug] [2025-10-26T07:47:53.537Z] Checked if tokens are valid: false, expires at: 1761388174650
[debug] [2025-10-26T07:47:53.537Z] > refreshing access token with scopes: []
[debug] [2025-10-26T07:47:53.538Z] >>> [apiv2][query] POST https://www.googleapis.com/oauth2/v3/token [none]
[debug] [2025-10-26T07:47:53.538Z] >>> [apiv2][body] POST https://www.googleapis.com/oauth2/v3/token [omitted]
[debug] [2025-10-26T07:47:53.540Z] Checked if tokens are valid: false, expires at: 1761388174650
[debug] [2025-10-26T07:47:53.540Z] Checked if tokens are valid: false, expires at: 1761388174650
[debug] [2025-10-26T07:47:53.540Z] > refreshing access token with scopes: []
[debug] [2025-10-26T07:47:53.540Z] >>> [apiv2][query] POST https://www.googleapis.com/oauth2/v3/token [none]
[debug] [2025-10-26T07:47:53.540Z] >>> [apiv2][body] POST https://www.googleapis.com/oauth2/v3/token [omitted]
[debug] [2025-10-26T07:47:53.543Z] Checked if tokens are valid: false, expires at: 1761388174650
[debug] [2025-10-26T07:47:53.543Z] Checked if tokens are valid: false, expires at: 1761388174650
[debug] [2025-10-26T07:47:53.543Z] > refreshing access token with scopes: []
[debug] [2025-10-26T07:47:53.543Z] >>> [apiv2][query] POST https://www.googleapis.com/oauth2/v3/token [none]
[debug] [2025-10-26T07:47:53.543Z] >>> [apiv2][body] POST https://www.googleapis.com/oauth2/v3/token [omitted]
[debug] [2025-10-26T07:47:53.544Z] Checked if tokens are valid: false, expires at: 1761388174650
[debug] [2025-10-26T07:47:53.544Z] Checked if tokens are valid: false, expires at: 1761388174650
[debug] [2025-10-26T07:47:53.544Z] > refreshing access token with scopes: []
[debug] [2025-10-26T07:47:53.545Z] >>> [apiv2][query] POST https://www.googleapis.com/oauth2/v3/token [none]
[debug] [2025-10-26T07:47:53.545Z] >>> [apiv2][body] POST https://www.googleapis.com/oauth2/v3/token [omitted]
[debug] [2025-10-26T07:47:53.719Z] <<< [apiv2][status] POST https://www.googleapis.com/oauth2/v3/token 200
[debug] [2025-10-26T07:47:53.720Z] <<< [apiv2][body] POST https://www.googleapis.com/oauth2/v3/token [omitted]
[debug] [2025-10-26T07:47:53.734Z] >>> [apiv2][query] GET https://serviceusage.googleapis.com/v1/projects/pomo-flow/services/firebasedataconnect.googleapis.com [none]
[debug] [2025-10-26T07:47:53.734Z] >>> [apiv2][(partial)header] GET https://serviceusage.googleapis.com/v1/projects/pomo-flow/services/firebasedataconnect.googleapis.com x-goog-quota-user=projects/pomo-flow
[debug] [2025-10-26T07:47:53.739Z] <<< [apiv2][status] POST https://www.googleapis.com/oauth2/v3/token 200
[debug] [2025-10-26T07:47:53.739Z] <<< [apiv2][body] POST https://www.googleapis.com/oauth2/v3/token [omitted]
[debug] [2025-10-26T07:47:53.747Z] >>> [apiv2][query] GET https://serviceusage.googleapis.com/v1/projects/pomo-flow/services/firebaseio.com [none]
[debug] [2025-10-26T07:47:53.747Z] >>> [apiv2][(partial)header] GET https://serviceusage.googleapis.com/v1/projects/pomo-flow/services/firebaseio.com x-goog-quota-user=projects/pomo-flow
[debug] [2025-10-26T07:47:53.749Z] <<< [apiv2][status] POST https://www.googleapis.com/oauth2/v3/token 200
[debug] [2025-10-26T07:47:53.749Z] <<< [apiv2][body] POST https://www.googleapis.com/oauth2/v3/token [omitted]
[debug] [2025-10-26T07:47:53.756Z] >>> [apiv2][query] GET https://serviceusage.googleapis.com/v1/projects/pomo-flow/services/cloudfunctions.googleapis.com [none]
[debug] [2025-10-26T07:47:53.756Z] >>> [apiv2][(partial)header] GET https://serviceusage.googleapis.com/v1/projects/pomo-flow/services/cloudfunctions.googleapis.com x-goog-quota-user=projects/pomo-flow
[debug] [2025-10-26T07:47:53.764Z] <<< [apiv2][status] POST https://www.googleapis.com/oauth2/v3/token 200
[debug] [2025-10-26T07:47:53.764Z] <<< [apiv2][body] POST https://www.googleapis.com/oauth2/v3/token [omitted]
[debug] [2025-10-26T07:47:53.771Z] >>> [apiv2][query] GET https://serviceusage.googleapis.com/v1/projects/pomo-flow/services/firebaseapphosting.googleapis.com [none]
[debug] [2025-10-26T07:47:53.771Z] >>> [apiv2][(partial)header] GET https://serviceusage.googleapis.com/v1/projects/pomo-flow/services/firebaseapphosting.googleapis.com x-goog-quota-user=projects/pomo-flow
[debug] [2025-10-26T07:47:53.773Z] <<< [apiv2][status] POST https://www.googleapis.com/oauth2/v3/token 200
[debug] [2025-10-26T07:47:53.773Z] <<< [apiv2][body] POST https://www.googleapis.com/oauth2/v3/token [omitted]
[debug] [2025-10-26T07:47:53.780Z] >>> [apiv2][query] GET https://serviceusage.googleapis.com/v1/projects/pomo-flow/services/firebasedataconnect.googleapis.com [none]
[debug] [2025-10-26T07:47:53.781Z] >>> [apiv2][(partial)header] GET https://serviceusage.googleapis.com/v1/projects/pomo-flow/services/firebasedataconnect.googleapis.com x-goog-quota-user=projects/pomo-flow
[debug] [2025-10-26T07:47:53.784Z] <<< [apiv2][status] POST https://www.googleapis.com/oauth2/v3/token 200
[debug] [2025-10-26T07:47:53.784Z] <<< [apiv2][body] POST https://www.googleapis.com/oauth2/v3/token [omitted]
[debug] [2025-10-26T07:47:53.791Z] >>> [apiv2][query] GET https://serviceusage.googleapis.com/v1/projects/pomo-flow/services/firebasedataconnect.googleapis.com [none]
[debug] [2025-10-26T07:47:53.792Z] >>> [apiv2][(partial)header] GET https://serviceusage.googleapis.com/v1/projects/pomo-flow/services/firebasedataconnect.googleapis.com x-goog-quota-user=projects/pomo-flow
[debug] [2025-10-26T07:47:53.796Z] <<< [apiv2][status] POST https://www.googleapis.com/oauth2/v3/token 200
[debug] [2025-10-26T07:47:53.796Z] <<< [apiv2][body] POST https://www.googleapis.com/oauth2/v3/token [omitted]
[debug] [2025-10-26T07:47:53.803Z] >>> [apiv2][query] GET https://serviceusage.googleapis.com/v1/projects/pomo-flow/services/firebaseio.com [none]
[debug] [2025-10-26T07:47:53.804Z] >>> [apiv2][(partial)header] GET https://serviceusage.googleapis.com/v1/projects/pomo-flow/services/firebaseio.com x-goog-quota-user=projects/pomo-flow
[debug] [2025-10-26T07:47:53.806Z] <<< [apiv2][status] POST https://www.googleapis.com/oauth2/v3/token 200
[debug] [2025-10-26T07:47:53.806Z] <<< [apiv2][body] POST https://www.googleapis.com/oauth2/v3/token [omitted]
[debug] [2025-10-26T07:47:53.813Z] >>> [apiv2][query] GET https://serviceusage.googleapis.com/v1/projects/pomo-flow/services/firebaseapphosting.googleapis.com [none]
[debug] [2025-10-26T07:47:53.814Z] >>> [apiv2][(partial)header] GET https://serviceusage.googleapis.com/v1/projects/pomo-flow/services/firebaseapphosting.googleapis.com x-goog-quota-user=projects/pomo-flow
[debug] [2025-10-26T07:47:53.815Z] <<< [apiv2][status] POST https://www.googleapis.com/oauth2/v3/token 200
[debug] [2025-10-26T07:47:53.815Z] <<< [apiv2][body] POST https://www.googleapis.com/oauth2/v3/token [omitted]
[debug] [2025-10-26T07:47:53.821Z] >>> [apiv2][query] GET https://serviceusage.googleapis.com/v1/projects/pomo-flow/services/cloudfunctions.googleapis.com [none]
[debug] [2025-10-26T07:47:53.822Z] >>> [apiv2][(partial)header] GET https://serviceusage.googleapis.com/v1/projects/pomo-flow/services/cloudfunctions.googleapis.com x-goog-quota-user=projects/pomo-flow
[debug] [2025-10-26T07:47:53.834Z] <<< [apiv2][status] POST https://www.googleapis.com/oauth2/v3/token 200
[debug] [2025-10-26T07:47:53.834Z] <<< [apiv2][body] POST https://www.googleapis.com/oauth2/v3/token [omitted]
[debug] [2025-10-26T07:47:53.841Z] >>> [apiv2][query] GET https://serviceusage.googleapis.com/v1/projects/pomo-flow/services/cloudfunctions.googleapis.com [none]
[debug] [2025-10-26T07:47:53.841Z] >>> [apiv2][(partial)header] GET https://serviceusage.googleapis.com/v1/projects/pomo-flow/services/cloudfunctions.googleapis.com x-goog-quota-user=projects/pomo-flow
[debug] [2025-10-26T07:47:53.843Z] <<< [apiv2][status] POST https://www.googleapis.com/oauth2/v3/token 200
[debug] [2025-10-26T07:47:53.843Z] <<< [apiv2][body] POST https://www.googleapis.com/oauth2/v3/token [omitted]
[debug] [2025-10-26T07:47:53.849Z] >>> [apiv2][query] GET https://serviceusage.googleapis.com/v1/projects/pomo-flow/services/firebaseapphosting.googleapis.com [none]
[debug] [2025-10-26T07:47:53.849Z] >>> [apiv2][(partial)header] GET https://serviceusage.googleapis.com/v1/projects/pomo-flow/services/firebaseapphosting.googleapis.com x-goog-quota-user=projects/pomo-flow
[debug] [2025-10-26T07:47:53.851Z] <<< [apiv2][status] POST https://www.googleapis.com/oauth2/v3/token 200
[debug] [2025-10-26T07:47:53.851Z] <<< [apiv2][body] POST https://www.googleapis.com/oauth2/v3/token [omitted]
[debug] [2025-10-26T07:47:53.856Z] >>> [apiv2][query] GET https://serviceusage.googleapis.com/v1/projects/pomo-flow/services/firebaseio.com [none]
[debug] [2025-10-26T07:47:53.856Z] >>> [apiv2][(partial)header] GET https://serviceusage.googleapis.com/v1/projects/pomo-flow/services/firebaseio.com x-goog-quota-user=projects/pomo-flow
[debug] [2025-10-26T07:47:54.787Z] <<< [apiv2][status] GET https://serviceusage.googleapis.com/v1/projects/pomo-flow/services/firebaseio.com 403
[debug] [2025-10-26T07:47:54.787Z] <<< [apiv2][body] GET https://serviceusage.googleapis.com/v1/projects/pomo-flow/services/firebaseio.com [omitted]
[debug] [2025-10-26T07:47:54.861Z] <<< [apiv2][status] GET https://serviceusage.googleapis.com/v1/projects/pomo-flow/services/firebaseio.com 403
[debug] [2025-10-26T07:47:54.861Z] <<< [apiv2][body] GET https://serviceusage.googleapis.com/v1/projects/pomo-flow/services/firebaseio.com [omitted]
[debug] [2025-10-26T07:47:54.888Z] <<< [apiv2][status] GET https://serviceusage.googleapis.com/v1/projects/pomo-flow/services/cloudfunctions.googleapis.com 200
[debug] [2025-10-26T07:47:54.888Z] <<< [apiv2][body] GET https://serviceusage.googleapis.com/v1/projects/pomo-flow/services/cloudfunctions.googleapis.com [omitted]
[debug] [2025-10-26T07:47:54.889Z] <<< [apiv2][status] GET https://serviceusage.googleapis.com/v1/projects/pomo-flow/services/firebasedataconnect.googleapis.com 200
[debug] [2025-10-26T07:47:54.890Z] <<< [apiv2][body] GET https://serviceusage.googleapis.com/v1/projects/pomo-flow/services/firebasedataconnect.googleapis.com [omitted]
[debug] [2025-10-26T07:47:54.906Z] <<< [apiv2][status] GET https://serviceusage.googleapis.com/v1/projects/pomo-flow/services/firebaseapphosting.googleapis.com 200
[debug] [2025-10-26T07:47:54.907Z] <<< [apiv2][body] GET https://serviceusage.googleapis.com/v1/projects/pomo-flow/services/firebaseapphosting.googleapis.com [omitted]
[debug] [2025-10-26T07:47:54.935Z] > command requires scopes: ["email","openid","https://www.googleapis.com/auth/cloudplatformprojects.readonly","https://www.googleapis.com/auth/firebase","https://www.googleapis.com/auth/cloud-platform"]
[debug] [2025-10-26T07:47:54.935Z] > authorizing via signed-in user (endlessblink@gmail.com)
[debug] [2025-10-26T07:47:54.948Z] > command requires scopes: ["email","openid","https://www.googleapis.com/auth/cloudplatformprojects.readonly","https://www.googleapis.com/auth/firebase","https://www.googleapis.com/auth/cloud-platform"]
[debug] [2025-10-26T07:47:54.948Z] > authorizing via signed-in user (endlessblink@gmail.com)
[debug] [2025-10-26T07:47:54.952Z] <<< [apiv2][status] GET https://serviceusage.googleapis.com/v1/projects/pomo-flow/services/firebasedataconnect.googleapis.com 200
[debug] [2025-10-26T07:47:54.952Z] <<< [apiv2][body] GET https://serviceusage.googleapis.com/v1/projects/pomo-flow/services/firebasedataconnect.googleapis.com [omitted]
[debug] [2025-10-26T07:47:54.953Z] <<< [apiv2][status] GET https://serviceusage.googleapis.com/v1/projects/pomo-flow/services/firebasedataconnect.googleapis.com 200
[debug] [2025-10-26T07:47:54.953Z] <<< [apiv2][body] GET https://serviceusage.googleapis.com/v1/projects/pomo-flow/services/firebasedataconnect.googleapis.com [omitted]
[debug] [2025-10-26T07:47:54.953Z] <<< [apiv2][status] GET https://serviceusage.googleapis.com/v1/projects/pomo-flow/services/firebaseio.com 403
[debug] [2025-10-26T07:47:54.953Z] <<< [apiv2][body] GET https://serviceusage.googleapis.com/v1/projects/pomo-flow/services/firebaseio.com [omitted]
[debug] [2025-10-26T07:47:54.982Z] <<< [apiv2][status] GET https://serviceusage.googleapis.com/v1/projects/pomo-flow/services/cloudfunctions.googleapis.com 200
[debug] [2025-10-26T07:47:54.982Z] <<< [apiv2][body] GET https://serviceusage.googleapis.com/v1/projects/pomo-flow/services/cloudfunctions.googleapis.com [omitted]
[debug] [2025-10-26T07:47:54.984Z] <<< [apiv2][status] GET https://serviceusage.googleapis.com/v1/projects/pomo-flow/services/cloudfunctions.googleapis.com 200
[debug] [2025-10-26T07:47:54.984Z] <<< [apiv2][body] GET https://serviceusage.googleapis.com/v1/projects/pomo-flow/services/cloudfunctions.googleapis.com [omitted]
[debug] [2025-10-26T07:47:54.988Z] <<< [apiv2][status] GET https://serviceusage.googleapis.com/v1/projects/pomo-flow/services/firebaseapphosting.googleapis.com 200
[debug] [2025-10-26T07:47:54.988Z] <<< [apiv2][body] GET https://serviceusage.googleapis.com/v1/projects/pomo-flow/services/firebaseapphosting.googleapis.com [omitted]
[debug] [2025-10-26T07:47:54.997Z] <<< [apiv2][status] GET https://serviceusage.googleapis.com/v1/projects/pomo-flow/services/firebaseapphosting.googleapis.com 200
[debug] [2025-10-26T07:47:54.997Z] <<< [apiv2][body] GET https://serviceusage.googleapis.com/v1/projects/pomo-flow/services/firebaseapphosting.googleapis.com [omitted]
[debug] [2025-10-26T07:47:55.022Z] > command requires scopes: ["email","openid","https://www.googleapis.com/auth/cloudplatformprojects.readonly","https://www.googleapis.com/auth/firebase","https://www.googleapis.com/auth/cloud-platform"]
[debug] [2025-10-26T07:47:55.022Z] > authorizing via signed-in user (endlessblink@gmail.com)
[debug] [2025-10-26T07:47:55.032Z] > command requires scopes: ["email","openid","https://www.googleapis.com/auth/cloudplatformprojects.readonly","https://www.googleapis.com/auth/firebase","https://www.googleapis.com/auth/cloud-platform"]
[debug] [2025-10-26T07:47:55.032Z] > authorizing via signed-in user (endlessblink@gmail.com)
[debug] [2025-10-26T08:05:45.696Z] > command requires scopes: ["email","openid","https://www.googleapis.com/auth/cloudplatformprojects.readonly","https://www.googleapis.com/auth/firebase","https://www.googleapis.com/auth/cloud-platform"]
[debug] [2025-10-26T08:05:45.698Z] > authorizing via signed-in user (endlessblink@gmail.com)
[debug] [2025-10-26T08:05:45.699Z] > command requires scopes: ["email","openid","https://www.googleapis.com/auth/cloudplatformprojects.readonly","https://www.googleapis.com/auth/firebase","https://www.googleapis.com/auth/cloud-platform"]
[debug] [2025-10-26T08:05:45.699Z] > authorizing via signed-in user (endlessblink@gmail.com)
[debug] [2025-10-26T08:05:45.788Z] Checked if tokens are valid: true, expires at: 1761468472851
[debug] [2025-10-26T08:05:45.788Z] Checked if tokens are valid: true, expires at: 1761468472851
[debug] [2025-10-26T08:05:45.789Z] Checked if tokens are valid: true, expires at: 1761468472851
[debug] [2025-10-26T08:05:45.789Z] Checked if tokens are valid: true, expires at: 1761468472851
[debug] [2025-10-26T08:05:45.794Z] Checked if tokens are valid: true, expires at: 1761468472851
[debug] [2025-10-26T08:05:45.794Z] Checked if tokens are valid: true, expires at: 1761468472851
[debug] [2025-10-26T08:05:45.794Z] Checked if tokens are valid: true, expires at: 1761468472851
[debug] [2025-10-26T08:05:45.794Z] Checked if tokens are valid: true, expires at: 1761468472851
[debug] [2025-10-26T08:05:45.797Z] Checked if tokens are valid: true, expires at: 1761468472851
[debug] [2025-10-26T08:05:45.797Z] Checked if tokens are valid: true, expires at: 1761468472851
[debug] [2025-10-26T08:05:45.797Z] Checked if tokens are valid: true, expires at: 1761468472851
[debug] [2025-10-26T08:05:45.797Z] Checked if tokens are valid: true, expires at: 1761468472851
[debug] [2025-10-26T08:05:45.798Z] Checked if tokens are valid: true, expires at: 1761468472851
[debug] [2025-10-26T08:05:45.798Z] Checked if tokens are valid: true, expires at: 1761468472851
[debug] [2025-10-26T08:05:45.799Z] Checked if tokens are valid: true, expires at: 1761468472851
[debug] [2025-10-26T08:05:45.799Z] Checked if tokens are valid: true, expires at: 1761468472851
[debug] [2025-10-26T08:05:45.799Z] > command requires scopes: ["email","openid","https://www.googleapis.com/auth/cloudplatformprojects.readonly","https://www.googleapis.com/auth/firebase","https://www.googleapis.com/auth/cloud-platform"]
[debug] [2025-10-26T08:05:45.799Z] > authorizing via signed-in user (endlessblink@gmail.com)
[debug] [2025-10-26T08:05:45.799Z] >>> [apiv2][query] GET https://serviceusage.googleapis.com/v1/projects/pomo-flow/services/firebasedataconnect.googleapis.com [none]
[debug] [2025-10-26T08:05:45.800Z] >>> [apiv2][(partial)header] GET https://serviceusage.googleapis.com/v1/projects/pomo-flow/services/firebasedataconnect.googleapis.com x-goog-quota-user=projects/pomo-flow
[debug] [2025-10-26T08:05:45.823Z] >>> [apiv2][query] GET https://serviceusage.googleapis.com/v1/projects/pomo-flow/services/cloudfunctions.googleapis.com [none]
[debug] [2025-10-26T08:05:45.823Z] >>> [apiv2][(partial)header] GET https://serviceusage.googleapis.com/v1/projects/pomo-flow/services/cloudfunctions.googleapis.com x-goog-quota-user=projects/pomo-flow
[debug] [2025-10-26T08:05:45.824Z] >>> [apiv2][query] GET https://serviceusage.googleapis.com/v1/projects/pomo-flow/services/firebaseapphosting.googleapis.com [none]
[debug] [2025-10-26T08:05:45.824Z] >>> [apiv2][(partial)header] GET https://serviceusage.googleapis.com/v1/projects/pomo-flow/services/firebaseapphosting.googleapis.com x-goog-quota-user=projects/pomo-flow
[debug] [2025-10-26T08:05:45.825Z] >>> [apiv2][query] GET https://serviceusage.googleapis.com/v1/projects/pomo-flow/services/firebaseio.com [none]
[debug] [2025-10-26T08:05:45.825Z] >>> [apiv2][(partial)header] GET https://serviceusage.googleapis.com/v1/projects/pomo-flow/services/firebaseio.com x-goog-quota-user=projects/pomo-flow
[debug] [2025-10-26T08:05:45.825Z] >>> [apiv2][query] GET https://serviceusage.googleapis.com/v1/projects/pomo-flow/services/firebasedataconnect.googleapis.com [none]
[debug] [2025-10-26T08:05:45.825Z] >>> [apiv2][(partial)header] GET https://serviceusage.googleapis.com/v1/projects/pomo-flow/services/firebasedataconnect.googleapis.com x-goog-quota-user=projects/pomo-flow
[debug] [2025-10-26T08:05:45.826Z] >>> [apiv2][query] GET https://serviceusage.googleapis.com/v1/projects/pomo-flow/services/cloudfunctions.googleapis.com [none]
[debug] [2025-10-26T08:05:45.826Z] >>> [apiv2][(partial)header] GET https://serviceusage.googleapis.com/v1/projects/pomo-flow/services/cloudfunctions.googleapis.com x-goog-quota-user=projects/pomo-flow
[debug] [2025-10-26T08:05:45.827Z] >>> [apiv2][query] GET https://serviceusage.googleapis.com/v1/projects/pomo-flow/services/firebaseapphosting.googleapis.com [none]
[debug] [2025-10-26T08:05:45.827Z] >>> [apiv2][(partial)header] GET https://serviceusage.googleapis.com/v1/projects/pomo-flow/services/firebaseapphosting.googleapis.com x-goog-quota-user=projects/pomo-flow
[debug] [2025-10-26T08:05:45.827Z] >>> [apiv2][query] GET https://serviceusage.googleapis.com/v1/projects/pomo-flow/services/firebaseio.com [none]
[debug] [2025-10-26T08:05:45.828Z] >>> [apiv2][(partial)header] GET https://serviceusage.googleapis.com/v1/projects/pomo-flow/services/firebaseio.com x-goog-quota-user=projects/pomo-flow
[debug] [2025-10-26T08:05:45.831Z] Checked if tokens are valid: true, expires at: 1761468472851
[debug] [2025-10-26T08:05:45.831Z] Checked if tokens are valid: true, expires at: 1761468472851
[debug] [2025-10-26T08:05:45.831Z] Checked if tokens are valid: true, expires at: 1761468472851
[debug] [2025-10-26T08:05:45.831Z] Checked if tokens are valid: true, expires at: 1761468472851
[debug] [2025-10-26T08:05:45.832Z] Checked if tokens are valid: true, expires at: 1761468472851
[debug] [2025-10-26T08:05:45.832Z] Checked if tokens are valid: true, expires at: 1761468472851
[debug] [2025-10-26T08:05:45.832Z] Checked if tokens are valid: true, expires at: 1761468472851
[debug] [2025-10-26T08:05:45.832Z] Checked if tokens are valid: true, expires at: 1761468472851
[debug] [2025-10-26T08:05:45.832Z] >>> [apiv2][query] GET https://serviceusage.googleapis.com/v1/projects/pomo-flow/services/firebasedataconnect.googleapis.com [none]
[debug] [2025-10-26T08:05:45.832Z] >>> [apiv2][(partial)header] GET https://serviceusage.googleapis.com/v1/projects/pomo-flow/services/firebasedataconnect.googleapis.com x-goog-quota-user=projects/pomo-flow
[debug] [2025-10-26T08:05:45.833Z] >>> [apiv2][query] GET https://serviceusage.googleapis.com/v1/projects/pomo-flow/services/cloudfunctions.googleapis.com [none]
[debug] [2025-10-26T08:05:45.833Z] >>> [apiv2][(partial)header] GET https://serviceusage.googleapis.com/v1/projects/pomo-flow/services/cloudfunctions.googleapis.com x-goog-quota-user=projects/pomo-flow
[debug] [2025-10-26T08:05:45.834Z] >>> [apiv2][query] GET https://serviceusage.googleapis.com/v1/projects/pomo-flow/services/firebaseapphosting.googleapis.com [none]
[debug] [2025-10-26T08:05:45.834Z] >>> [apiv2][(partial)header] GET https://serviceusage.googleapis.com/v1/projects/pomo-flow/services/firebaseapphosting.googleapis.com x-goog-quota-user=projects/pomo-flow
[debug] [2025-10-26T08:05:45.835Z] >>> [apiv2][query] GET https://serviceusage.googleapis.com/v1/projects/pomo-flow/services/firebaseio.com [none]
[debug] [2025-10-26T08:05:45.835Z] >>> [apiv2][(partial)header] GET https://serviceusage.googleapis.com/v1/projects/pomo-flow/services/firebaseio.com x-goog-quota-user=projects/pomo-flow
[debug] [2025-10-26T08:05:46.951Z] <<< [apiv2][status] GET https://serviceusage.googleapis.com/v1/projects/pomo-flow/services/firebaseio.com 403
[debug] [2025-10-26T08:05:46.951Z] <<< [apiv2][body] GET https://serviceusage.googleapis.com/v1/projects/pomo-flow/services/firebaseio.com [omitted]
[debug] [2025-10-26T08:05:46.955Z] <<< [apiv2][status] GET https://serviceusage.googleapis.com/v1/projects/pomo-flow/services/firebasedataconnect.googleapis.com 200
[debug] [2025-10-26T08:05:46.955Z] <<< [apiv2][body] GET https://serviceusage.googleapis.com/v1/projects/pomo-flow/services/firebasedataconnect.googleapis.com [omitted]
[debug] [2025-10-26T08:05:46.966Z] <<< [apiv2][status] GET https://serviceusage.googleapis.com/v1/projects/pomo-flow/services/firebaseio.com 403
[debug] [2025-10-26T08:05:46.966Z] <<< [apiv2][body] GET https://serviceusage.googleapis.com/v1/projects/pomo-flow/services/firebaseio.com [omitted]
[debug] [2025-10-26T08:05:46.970Z] <<< [apiv2][status] GET https://serviceusage.googleapis.com/v1/projects/pomo-flow/services/cloudfunctions.googleapis.com 200
[debug] [2025-10-26T08:05:46.970Z] <<< [apiv2][body] GET https://serviceusage.googleapis.com/v1/projects/pomo-flow/services/cloudfunctions.googleapis.com [omitted]
[debug] [2025-10-26T08:05:47.008Z] <<< [apiv2][status] GET https://serviceusage.googleapis.com/v1/projects/pomo-flow/services/firebaseio.com 403
[debug] [2025-10-26T08:05:47.008Z] <<< [apiv2][body] GET https://serviceusage.googleapis.com/v1/projects/pomo-flow/services/firebaseio.com [omitted]
[debug] [2025-10-26T08:05:47.013Z] <<< [apiv2][status] GET https://serviceusage.googleapis.com/v1/projects/pomo-flow/services/firebasedataconnect.googleapis.com 200
[debug] [2025-10-26T08:05:47.013Z] <<< [apiv2][body] GET https://serviceusage.googleapis.com/v1/projects/pomo-flow/services/firebasedataconnect.googleapis.com [omitted]
[debug] [2025-10-26T08:05:47.019Z] <<< [apiv2][status] GET https://serviceusage.googleapis.com/v1/projects/pomo-flow/services/cloudfunctions.googleapis.com 200
[debug] [2025-10-26T08:05:47.019Z] <<< [apiv2][body] GET https://serviceusage.googleapis.com/v1/projects/pomo-flow/services/cloudfunctions.googleapis.com [omitted]
[debug] [2025-10-26T08:05:47.021Z] <<< [apiv2][status] GET https://serviceusage.googleapis.com/v1/projects/pomo-flow/services/firebaseapphosting.googleapis.com 200
[debug] [2025-10-26T08:05:47.021Z] <<< [apiv2][body] GET https://serviceusage.googleapis.com/v1/projects/pomo-flow/services/firebaseapphosting.googleapis.com [omitted]
[debug] [2025-10-26T08:05:47.043Z] > command requires scopes: ["email","openid","https://www.googleapis.com/auth/cloudplatformprojects.readonly","https://www.googleapis.com/auth/firebase","https://www.googleapis.com/auth/cloud-platform"]
[debug] [2025-10-26T08:05:47.043Z] > authorizing via signed-in user (endlessblink@gmail.com)
[debug] [2025-10-26T08:05:47.053Z] > command requires scopes: ["email","openid","https://www.googleapis.com/auth/cloudplatformprojects.readonly","https://www.googleapis.com/auth/firebase","https://www.googleapis.com/auth/cloud-platform"]
[debug] [2025-10-26T08:05:47.053Z] > authorizing via signed-in user (endlessblink@gmail.com)
[debug] [2025-10-26T08:05:47.061Z] <<< [apiv2][status] GET https://serviceusage.googleapis.com/v1/projects/pomo-flow/services/firebaseapphosting.googleapis.com 200
[debug] [2025-10-26T08:05:47.061Z] <<< [apiv2][body] GET https://serviceusage.googleapis.com/v1/projects/pomo-flow/services/firebaseapphosting.googleapis.com [omitted]
[debug] [2025-10-26T08:05:47.082Z] > command requires scopes: ["email","openid","https://www.googleapis.com/auth/cloudplatformprojects.readonly","https://www.googleapis.com/auth/firebase","https://www.googleapis.com/auth/cloud-platform"]
[debug] [2025-10-26T08:05:47.082Z] > authorizing via signed-in user (endlessblink@gmail.com)
[debug] [2025-10-26T08:05:47.092Z] > command requires scopes: ["email","openid","https://www.googleapis.com/auth/cloudplatformprojects.readonly","https://www.googleapis.com/auth/firebase","https://www.googleapis.com/auth/cloud-platform"]
[debug] [2025-10-26T08:05:47.092Z] > authorizing via signed-in user (endlessblink@gmail.com)
[debug] [2025-10-26T08:05:47.092Z] <<< [apiv2][status] GET https://serviceusage.googleapis.com/v1/projects/pomo-flow/services/firebasedataconnect.googleapis.com 200
[debug] [2025-10-26T08:05:47.092Z] <<< [apiv2][body] GET https://serviceusage.googleapis.com/v1/projects/pomo-flow/services/firebasedataconnect.googleapis.com [omitted]
[debug] [2025-10-26T08:05:47.097Z] <<< [apiv2][status] GET https://serviceusage.googleapis.com/v1/projects/pomo-flow/services/cloudfunctions.googleapis.com 200
[debug] [2025-10-26T08:05:47.098Z] <<< [apiv2][body] GET https://serviceusage.googleapis.com/v1/projects/pomo-flow/services/cloudfunctions.googleapis.com [omitted]
[debug] [2025-10-26T08:05:47.098Z] <<< [apiv2][status] GET https://serviceusage.googleapis.com/v1/projects/pomo-flow/services/firebaseapphosting.googleapis.com 200
[debug] [2025-10-26T08:05:47.098Z] <<< [apiv2][body] GET https://serviceusage.googleapis.com/v1/projects/pomo-flow/services/firebaseapphosting.googleapis.com [omitted]
[debug] [2025-10-26T08:09:55.335Z] > command requires scopes: ["email","openid","https://www.googleapis.com/auth/cloudplatformprojects.readonly","https://www.googleapis.com/auth/firebase","https://www.googleapis.com/auth/cloud-platform"]
[debug] [2025-10-26T08:09:55.337Z] > authorizing via signed-in user (endlessblink@gmail.com)
[debug] [2025-10-26T08:09:55.337Z] > command requires scopes: ["email","openid","https://www.googleapis.com/auth/cloudplatformprojects.readonly","https://www.googleapis.com/auth/firebase","https://www.googleapis.com/auth/cloud-platform"]
[debug] [2025-10-26T08:09:55.337Z] > authorizing via signed-in user (endlessblink@gmail.com)
[debug] [2025-10-26T08:09:55.416Z] Checked if tokens are valid: true, expires at: 1761468472851
[debug] [2025-10-26T08:09:55.417Z] Checked if tokens are valid: true, expires at: 1761468472851
[debug] [2025-10-26T08:09:55.417Z] Checked if tokens are valid: true, expires at: 1761468472851
[debug] [2025-10-26T08:09:55.417Z] Checked if tokens are valid: true, expires at: 1761468472851
[debug] [2025-10-26T08:09:55.422Z] Checked if tokens are valid: true, expires at: 1761468472851
[debug] [2025-10-26T08:09:55.422Z] Checked if tokens are valid: true, expires at: 1761468472851
[debug] [2025-10-26T08:09:55.422Z] Checked if tokens are valid: true, expires at: 1761468472851
[debug] [2025-10-26T08:09:55.422Z] Checked if tokens are valid: true, expires at: 1761468472851
[debug] [2025-10-26T08:09:55.426Z] Checked if tokens are valid: true, expires at: 1761468472851
[debug] [2025-10-26T08:09:55.426Z] Checked if tokens are valid: true, expires at: 1761468472851
[debug] [2025-10-26T08:09:55.426Z] Checked if tokens are valid: true, expires at: 1761468472851
[debug] [2025-10-26T08:09:55.426Z] Checked if tokens are valid: true, expires at: 1761468472851
[debug] [2025-10-26T08:09:55.427Z] Checked if tokens are valid: true, expires at: 1761468472851
[debug] [2025-10-26T08:09:55.427Z] Checked if tokens are valid: true, expires at: 1761468472851
[debug] [2025-10-26T08:09:55.427Z] Checked if tokens are valid: true, expires at: 1761468472851
[debug] [2025-10-26T08:09:55.427Z] Checked if tokens are valid: true, expires at: 1761468472851
[debug] [2025-10-26T08:09:55.427Z] > command requires scopes: ["email","openid","https://www.googleapis.com/auth/cloudplatformprojects.readonly","https://www.googleapis.com/auth/firebase","https://www.googleapis.com/auth/cloud-platform"]
[debug] [2025-10-26T08:09:55.428Z] > authorizing via signed-in user (endlessblink@gmail.com)
[debug] [2025-10-26T08:09:55.428Z] >>> [apiv2][query] GET https://serviceusage.googleapis.com/v1/projects/pomo-flow/services/firebasedataconnect.googleapis.com [none]
[debug] [2025-10-26T08:09:55.428Z] >>> [apiv2][(partial)header] GET https://serviceusage.googleapis.com/v1/projects/pomo-flow/services/firebasedataconnect.googleapis.com x-goog-quota-user=projects/pomo-flow
[debug] [2025-10-26T08:09:55.450Z] >>> [apiv2][query] GET https://serviceusage.googleapis.com/v1/projects/pomo-flow/services/cloudfunctions.googleapis.com [none]
[debug] [2025-10-26T08:09:55.451Z] >>> [apiv2][(partial)header] GET https://serviceusage.googleapis.com/v1/projects/pomo-flow/services/cloudfunctions.googleapis.com x-goog-quota-user=projects/pomo-flow
[debug] [2025-10-26T08:09:55.452Z] >>> [apiv2][query] GET https://serviceusage.googleapis.com/v1/projects/pomo-flow/services/firebaseapphosting.googleapis.com [none]
[debug] [2025-10-26T08:09:55.452Z] >>> [apiv2][(partial)header] GET https://serviceusage.googleapis.com/v1/projects/pomo-flow/services/firebaseapphosting.googleapis.com x-goog-quota-user=projects/pomo-flow
[debug] [2025-10-26T08:09:55.452Z] >>> [apiv2][query] GET https://serviceusage.googleapis.com/v1/projects/pomo-flow/services/firebaseio.com [none]
[debug] [2025-10-26T08:09:55.452Z] >>> [apiv2][(partial)header] GET https://serviceusage.googleapis.com/v1/projects/pomo-flow/services/firebaseio.com x-goog-quota-user=projects/pomo-flow
[debug] [2025-10-26T08:09:55.453Z] >>> [apiv2][query] GET https://serviceusage.googleapis.com/v1/projects/pomo-flow/services/firebasedataconnect.googleapis.com [none]
[debug] [2025-10-26T08:09:55.453Z] >>> [apiv2][(partial)header] GET https://serviceusage.googleapis.com/v1/projects/pomo-flow/services/firebasedataconnect.googleapis.com x-goog-quota-user=projects/pomo-flow
[debug] [2025-10-26T08:09:55.454Z] >>> [apiv2][query] GET https://serviceusage.googleapis.com/v1/projects/pomo-flow/services/cloudfunctions.googleapis.com [none]
[debug] [2025-10-26T08:09:55.454Z] >>> [apiv2][(partial)header] GET https://serviceusage.googleapis.com/v1/projects/pomo-flow/services/cloudfunctions.googleapis.com x-goog-quota-user=projects/pomo-flow
[debug] [2025-10-26T08:09:55.455Z] >>> [apiv2][query] GET https://serviceusage.googleapis.com/v1/projects/pomo-flow/services/firebaseapphosting.googleapis.com [none]
[debug] [2025-10-26T08:09:55.455Z] >>> [apiv2][(partial)header] GET https://serviceusage.googleapis.com/v1/projects/pomo-flow/services/firebaseapphosting.googleapis.com x-goog-quota-user=projects/pomo-flow
[debug] [2025-10-26T08:09:55.455Z] >>> [apiv2][query] GET https://serviceusage.googleapis.com/v1/projects/pomo-flow/services/firebaseio.com [none]
[debug] [2025-10-26T08:09:55.455Z] >>> [apiv2][(partial)header] GET https://serviceusage.googleapis.com/v1/projects/pomo-flow/services/firebaseio.com x-goog-quota-user=projects/pomo-flow
[debug] [2025-10-26T08:09:55.460Z] Checked if tokens are valid: true, expires at: 1761468472851
[debug] [2025-10-26T08:09:55.460Z] Checked if tokens are valid: true, expires at: 1761468472851
[debug] [2025-10-26T08:09:55.461Z] Checked if tokens are valid: true, expires at: 1761468472851
[debug] [2025-10-26T08:09:55.461Z] Checked if tokens are valid: true, expires at: 1761468472851
[debug] [2025-10-26T08:09:55.461Z] Checked if tokens are valid: true, expires at: 1761468472851
[debug] [2025-10-26T08:09:55.462Z] Checked if tokens are valid: true, expires at: 1761468472851
[debug] [2025-10-26T08:09:55.462Z] Checked if tokens are valid: true, expires at: 1761468472851
[debug] [2025-10-26T08:09:55.462Z] Checked if tokens are valid: true, expires at: 1761468472851
[debug] [2025-10-26T08:09:55.462Z] >>> [apiv2][query] GET https://serviceusage.googleapis.com/v1/projects/pomo-flow/services/firebasedataconnect.googleapis.com [none]
[debug] [2025-10-26T08:09:55.462Z] >>> [apiv2][(partial)header] GET https://serviceusage.googleapis.com/v1/projects/pomo-flow/services/firebasedataconnect.googleapis.com x-goog-quota-user=projects/pomo-flow
[debug] [2025-10-26T08:09:55.463Z] >>> [apiv2][query] GET https://serviceusage.googleapis.com/v1/projects/pomo-flow/services/cloudfunctions.googleapis.com [none]
[debug] [2025-10-26T08:09:55.463Z] >>> [apiv2][(partial)header] GET https://serviceusage.googleapis.com/v1/projects/pomo-flow/services/cloudfunctions.googleapis.com x-goog-quota-user=projects/pomo-flow
[debug] [2025-10-26T08:09:55.464Z] >>> [apiv2][query] GET https://serviceusage.googleapis.com/v1/projects/pomo-flow/services/firebaseapphosting.googleapis.com [none]
[debug] [2025-10-26T08:09:55.464Z] >>> [apiv2][(partial)header] GET https://serviceusage.googleapis.com/v1/projects/pomo-flow/services/firebaseapphosting.googleapis.com x-goog-quota-user=projects/pomo-flow
[debug] [2025-10-26T08:09:55.465Z] >>> [apiv2][query] GET https://serviceusage.googleapis.com/v1/projects/pomo-flow/services/firebaseio.com [none]
[debug] [2025-10-26T08:09:55.465Z] >>> [apiv2][(partial)header] GET https://serviceusage.googleapis.com/v1/projects/pomo-flow/services/firebaseio.com x-goog-quota-user=projects/pomo-flow
[debug] [2025-10-26T08:09:56.454Z] <<< [apiv2][status] GET https://serviceusage.googleapis.com/v1/projects/pomo-flow/services/firebaseio.com 403
[debug] [2025-10-26T08:09:56.454Z] <<< [apiv2][body] GET https://serviceusage.googleapis.com/v1/projects/pomo-flow/services/firebaseio.com [omitted]
[debug] [2025-10-26T08:09:56.485Z] <<< [apiv2][status] GET https://serviceusage.googleapis.com/v1/projects/pomo-flow/services/firebaseio.com 403
[debug] [2025-10-26T08:09:56.485Z] <<< [apiv2][body] GET https://serviceusage.googleapis.com/v1/projects/pomo-flow/services/firebaseio.com [omitted]
[debug] [2025-10-26T08:09:56.527Z] <<< [apiv2][status] GET https://serviceusage.googleapis.com/v1/projects/pomo-flow/services/firebaseio.com 403
[debug] [2025-10-26T08:09:56.527Z] <<< [apiv2][body] GET https://serviceusage.googleapis.com/v1/projects/pomo-flow/services/firebaseio.com [omitted]
[debug] [2025-10-26T08:09:56.536Z] <<< [apiv2][status] GET https://serviceusage.googleapis.com/v1/projects/pomo-flow/services/firebaseapphosting.googleapis.com 200
[debug] [2025-10-26T08:09:56.536Z] <<< [apiv2][body] GET https://serviceusage.googleapis.com/v1/projects/pomo-flow/services/firebaseapphosting.googleapis.com [omitted]
[debug] [2025-10-26T08:09:56.537Z] <<< [apiv2][status] GET https://serviceusage.googleapis.com/v1/projects/pomo-flow/services/firebasedataconnect.googleapis.com 200
[debug] [2025-10-26T08:09:56.537Z] <<< [apiv2][body] GET https://serviceusage.googleapis.com/v1/projects/pomo-flow/services/firebasedataconnect.googleapis.com [omitted]
[debug] [2025-10-26T08:09:56.559Z] <<< [apiv2][status] GET https://serviceusage.googleapis.com/v1/projects/pomo-flow/services/cloudfunctions.googleapis.com 200
[debug] [2025-10-26T08:09:56.559Z] <<< [apiv2][body] GET https://serviceusage.googleapis.com/v1/projects/pomo-flow/services/cloudfunctions.googleapis.com [omitted]
[debug] [2025-10-26T08:09:56.580Z] > command requires scopes: ["email","openid","https://www.googleapis.com/auth/cloudplatformprojects.readonly","https://www.googleapis.com/auth/firebase","https://www.googleapis.com/auth/cloud-platform"]
[debug] [2025-10-26T08:09:56.581Z] > authorizing via signed-in user (endlessblink@gmail.com)
[debug] [2025-10-26T08:09:56.588Z] > command requires scopes: ["email","openid","https://www.googleapis.com/auth/cloudplatformprojects.readonly","https://www.googleapis.com/auth/firebase","https://www.googleapis.com/auth/cloud-platform"]
[debug] [2025-10-26T08:09:56.589Z] > authorizing via signed-in user (endlessblink@gmail.com)
[debug] [2025-10-26T08:09:56.593Z] <<< [apiv2][status] GET https://serviceusage.googleapis.com/v1/projects/pomo-flow/services/firebasedataconnect.googleapis.com 200
[debug] [2025-10-26T08:09:56.593Z] <<< [apiv2][body] GET https://serviceusage.googleapis.com/v1/projects/pomo-flow/services/firebasedataconnect.googleapis.com [omitted]
[debug] [2025-10-26T08:09:56.594Z] <<< [apiv2][status] GET https://serviceusage.googleapis.com/v1/projects/pomo-flow/services/firebasedataconnect.googleapis.com 200
[debug] [2025-10-26T08:09:56.594Z] <<< [apiv2][body] GET https://serviceusage.googleapis.com/v1/projects/pomo-flow/services/firebasedataconnect.googleapis.com [omitted]
[debug] [2025-10-26T08:09:56.594Z] <<< [apiv2][status] GET https://serviceusage.googleapis.com/v1/projects/pomo-flow/services/firebaseapphosting.googleapis.com 200
[debug] [2025-10-26T08:09:56.594Z] <<< [apiv2][body] GET https://serviceusage.googleapis.com/v1/projects/pomo-flow/services/firebaseapphosting.googleapis.com [omitted]
[debug] [2025-10-26T08:09:56.595Z] <<< [apiv2][status] GET https://serviceusage.googleapis.com/v1/projects/pomo-flow/services/cloudfunctions.googleapis.com 200
[debug] [2025-10-26T08:09:56.595Z] <<< [apiv2][body] GET https://serviceusage.googleapis.com/v1/projects/pomo-flow/services/cloudfunctions.googleapis.com [omitted]
[debug] [2025-10-26T08:09:56.616Z] > command requires scopes: ["email","openid","https://www.googleapis.com/auth/cloudplatformprojects.readonly","https://www.googleapis.com/auth/firebase","https://www.googleapis.com/auth/cloud-platform"]
[debug] [2025-10-26T08:09:56.616Z] > authorizing via signed-in user (endlessblink@gmail.com)
[debug] [2025-10-26T08:09:56.628Z] > command requires scopes: ["email","openid","https://www.googleapis.com/auth/cloudplatformprojects.readonly","https://www.googleapis.com/auth/firebase","https://www.googleapis.com/auth/cloud-platform"]
[debug] [2025-10-26T08:09:56.628Z] > authorizing via signed-in user (endlessblink@gmail.com)
[debug] [2025-10-26T08:09:56.630Z] <<< [apiv2][status] GET https://serviceusage.googleapis.com/v1/projects/pomo-flow/services/firebaseapphosting.googleapis.com 200
[debug] [2025-10-26T08:09:56.630Z] <<< [apiv2][body] GET https://serviceusage.googleapis.com/v1/projects/pomo-flow/services/firebaseapphosting.googleapis.com [omitted]
[debug] [2025-10-26T08:09:56.631Z] <<< [apiv2][status] GET https://serviceusage.googleapis.com/v1/projects/pomo-flow/services/cloudfunctions.googleapis.com 200
[debug] [2025-10-26T08:09:56.631Z] <<< [apiv2][body] GET https://serviceusage.googleapis.com/v1/projects/pomo-flow/services/cloudfunctions.googleapis.com [omitted]
